ď»żÎ“Ă»â–“ Next.js 16.1.6 (Turbopack)
- Environments: .env.production.local, .env.local

npx : Î“ĂśĂˇ The 
"middleware" file 
convention is deprecated. 
Please use "proxy" 
instead. Learn more: https
://nextjs.org/docs/message
s/middleware-to-proxy
At line:1 char:1
+ npx next build 2>&1 | 
Out-File -FilePath "script
s/build_output.log" - ...
+ ~~~~~~~~~~~~~~~~~~~
    + CategoryInfo        
      : NotSpecified: (Î“  
  ĂśĂˇ The "middle...lewa   
 re-to-proxy:String) [    
], RemoteException
    + FullyQualifiedError 
   Id : NativeCommandErr  
  or
 
  Creating an optimized production build ...
Î“ÂŁĂ´ Compiled successfully in 17.8s
  Running TypeScript ...
  Collecting page data using 3 workers ...
  Generating static pages using 3 workers (0/40) ...
  Generating static pages using 3 workers (10/40) 
  Generating static pages using 3 workers (20/40) 
  Generating static pages using 3 workers (30/40) 
Î“ÂŁĂ´ Generating static pages using 3 workers (40/40) in 12.9s
  Finalizing page optimization ...

Route (app)                       Revalidate  Expire
Î“Ă¶Ă® Î“ĂąĂŻ /                                     1h      1y
Î“Ă¶ÂŁ Î“ĂąĂŻ /_not-found
Î“Ă¶ÂŁ Î“ĂąĂŻ /about
Î“Ă¶ÂŁ â•žĂ† /admin/[[...secret]]
Î“Ă¶ÂŁ Î“ĂąĂŻ /admin/dashboard
Î“Ă¶ÂŁ Î“ĂąĂŻ /admin/dashboard/ads
Î“Ă¶ÂŁ Î“ĂąĂŻ /admin/dashboard/bulk-upload
Î“Ă¶ÂŁ Î“ĂąĂŻ /admin/dashboard/posts
Î“Ă¶ÂŁ â•žĂ† /admin/dashboard/posts/[id]
Î“Ă¶ÂŁ Î“ĂąĂŻ /admin/dashboard/posts/new
Î“Ă¶ÂŁ Î“ĂąĂŻ /admin/dashboard/settings
Î“Ă¶ÂŁ Î“ĂąĂŻ /admin/login
Î“Ă¶ÂŁ Î“ĂąĂŻ /admin/telegram-stats                 5m      1y
Î“Ă¶ÂŁ â•žĂ† /api/admin/ads
Î“Ă¶ÂŁ â•žĂ† /api/admin/ai-generate
Î“Ă¶ÂŁ â•žĂ† /api/admin/bulk-upload
Î“Ă¶ÂŁ â•žĂ† /api/admin/global-ads
Î“Ă¶ÂŁ â•žĂ† /api/admin/login
Î“Ă¶ÂŁ â•žĂ† /api/admin/media/upload
Î“Ă¶ÂŁ â•žĂ† /api/admin/posts
Î“Ă¶ÂŁ â•žĂ† /api/admin/posts/[id]
Î“Ă¶ÂŁ â•žĂ† /api/admin/posts/bulk-delete
Î“Ă¶ÂŁ â•žĂ† /api/admin/posts/create
Î“Ă¶ÂŁ â•žĂ† /api/admin/profile
Î“Ă¶ÂŁ â•žĂ† /api/ai-news-agent
Î“Ă¶ÂŁ â•žĂ† /api/cron-telegram
Î“Ă¶ÂŁ â•žĂ† /api/health
Î“Ă¶ÂŁ â•žĂ† /api/news
Î“Ă¶ÂŁ â•žĂ† /api/telegram-webhook
Î“Ă¶ÂŁ â•žĂ† /api/track-interest
Î“Ă¶ÂŁ â•žĂ† /author/[slug]
Î“Ă¶ÂŁ â•žĂ† /category/[slug]
Î“Ă¶ÂŁ Î“ĂąĂŻ /contact
Î“Ă¶ÂŁ Î“ĂąĂŻ /corrections
Î“Ă¶ÂŁ Î“ĂąĂŻ /debug-trigger
Î“Ă¶ÂŁ Î“ĂąĂŻ /editorial-policy
Î“Ă¶ÂŁ â•žĂ† /garhwa
Î“Ă¶ÂŁ â•žĂ† /jharkhand
Î“Ă¶ÂŁ Î“ĂąĂŻ /live
Î“Ă¶ÂŁ Î“ĂąĂŻ /manifest.webmanifest
Î“Ă¶ÂŁ â•žĂ† /news/[slug]
Î“Ă¶ÂŁ â•žĂ† /palamu
Î“Ă¶ÂŁ Î“ĂąĂŻ /privacy-policy
Î“Ă¶ÂŁ Î“ĂąĂŻ /refund-policy
Î“Ă¶ÂŁ Î“ĂąĂŻ /robots.txt
Î“Ă¶ÂŁ â•žĂ† /search
Î“Ă¶ÂŁ Î“ĂąĂŻ /sitemap.xml
Î“Ă¶ÂŁ Î“ĂąĂŻ /terms
Î“Ă¶Ă¶ Î“ĂąĂŻ /videos


â•žĂ† Proxy (Middleware)

Î“ĂąĂŻ  (Static)   prerendered as static content
â•žĂ†  (Dynamic)  server-rendered on demand

